生成启动时间为 2017/4/1 9:51:27。
     1>项目“C:\Users\ww\Desktop\visual tracking\Struck\Struck_Tracking\Struck_Tracking\Struck_Tracking.vcxproj”在节点 2 上(Build 个目标)。
     1>Link:
         D:\Program Files (x86)\Microsoft Visual Studio 12.0\VC\bin\x86_amd64\link.exe /ERRORREPORT:PROMPT /OUT:"C:\Users\ww\Desktop\visual tracking\Struck\Struck_Tracking\x64\Release\Struck_Tracking.exe" /NOLOGO opencv_objdetect2413.lib opencv_ts2413.lib opencv_video2413.lib opencv_nonfree2413.lib opencv_ocl2413.lib opencv_photo2413.lib opencv_stitching2413.lib opencv_superres2413.lib opencv_videostab2413.lib opencv_calib3d2413.lib opencv_contrib2413.lib opencv_core2413.lib opencv_features2d2413.lib opencv_flann2413.lib opencv_gpu2413.lib opencv_highgui2413.lib opencv_imgproc2413.lib opencv_legacy2413.lib opencv_ml2413.lib kernel32.lib user32.lib gdi32.lib winspool.lib comdlg32.lib advapi32.lib shell32.lib ole32.lib oleaut32.lib uuid.lib odbc32.lib odbccp32.lib /MANIFEST /MANIFESTUAC:"level='asInvoker' uiAccess='false'" /manifest:embed /DEBUG /PDB:"C:\Users\ww\Desktop\visual tracking\Struck\Struck_Tracking\x64\Release\Struck_Tracking.pdb" /OPT:REF /OPT:ICF /LTCG /TLBID:1 /DYNAMICBASE /NXCOMPAT /IMPLIB:"C:\Users\ww\Desktop\visual tracking\Struck\Struck_Tracking\x64\Release\Struck_Tracking.lib" /MACHINE:X64 x64\Release\Config.obj
         x64\Release\Features.obj
         x64\Release\GraphUtils.obj
         x64\Release\HaarFeature.obj
         x64\Release\HaarFeatures.obj
         x64\Release\HistogramFeatures.obj
         x64\Release\ImageRep.obj
         x64\Release\LaRank.obj
         x64\Release\main.obj
         x64\Release\MultiFeatures.obj
         x64\Release\RawFeatures.obj
         x64\Release\Sampler.obj
         x64\Release\Tracker.obj
         正在生成代码
         已完成代码的生成
         Struck_Tracking.vcxproj -> C:\Users\ww\Desktop\visual tracking\Struck\Struck_Tracking\x64\Release\Struck_Tracking.exe
     1>已完成生成项目“C:\Users\ww\Desktop\visual tracking\Struck\Struck_Tracking\Struck_Tracking\Struck_Tracking.vcxproj”(Build 个目标)的操作。

生成成功。

已用时间 00:00:03.42
